2025-02-10 15:33:32.618 [info] [main] Log level: Info
2025-02-10 15:33:32.618 [info] [main] Validating found git in: "git"
2025-02-10 15:33:32.618 [info] [main] Using git "2.43.0" from "git"
2025-02-10 15:33:32.618 [info] [Model][doInitialScan] Initial repository scan started
2025-02-10 15:33:32.618 [info] > git rev-parse --show-toplevel [7ms]
2025-02-10 15:33:32.618 [info] > git rev-parse --git-dir --git-common-dir [32ms]
2025-02-10 15:33:32.618 [info] [Model][openRepository] Opened repository: /home/imad-07
2025-02-10 15:33:32.618 [info] [Model][doInitialScan] Initial repository scan completed - repositories (1), closed repositories (0), parent repositories (0), unsafe repositories (0)
2025-02-10 15:33:32.618 [info] > git config --get commit.template [2ms]
2025-02-10 15:33:32.621 [info] > git for-each-ref --format=%(refname)%00%(upstream:short)%00%(objectname)%00%(upstream:track)%00%(upstream:remotename)%00%(upstream:remoteref) refs/heads/main refs/remotes/main [4ms]
2025-02-10 15:33:32.637 [info] > git for-each-ref --sort -committerdate --format %(refname) %(objectname) %(*objectname) [2ms]
2025-02-10 15:33:32.733 [info] > git status -z -uall [105ms] (cancelled)
2025-02-10 15:33:42.400 [info] > git for-each-ref --format=%(refname)%00%(upstream:short)%00%(objectname)%00%(upstream:track)%00%(upstream:remotename)%00%(upstream:remoteref) refs/heads/main refs/remotes/main [8ms]
2025-02-10 15:33:42.903 [info] > git config --local branch.main.vscode-merge-base [496ms]
2025-02-10 15:33:42.903 [warning] [Git][config] git config failed: Failed to execute git
2025-02-10 15:33:42.911 [info] > git config --get commit.template [512ms]
2025-02-10 15:33:42.921 [info] > git reflog main --grep-reflog=branch: Created from *. [10ms]
2025-02-10 15:33:42.927 [info] > git for-each-ref --format=%(refname)%00%(upstream:short)%00%(objectname)%00%(upstream:track)%00%(upstream:remotename)%00%(upstream:remoteref) refs/heads/main refs/remotes/main [7ms]
2025-02-10 15:33:42.954 [info] > git for-each-ref --sort -committerdate --format %(refname) %(objectname) %(*objectname) [3ms]
2025-02-10 15:33:42.958 [info] > git symbolic-ref --short refs/remotes/origin/HEAD [32ms]
2025-02-10 15:33:42.958 [info] fatal: ref refs/remotes/origin/HEAD is not a symbolic ref
2025-02-10 15:33:42.958 [warning] [Repository][getDefaultBranch] Failed to get default branch details: Failed to execute git.
2025-02-10 15:33:43.721 [info] > git status -z -uall [788ms] (cancelled)
