2025-02-07 21:17:13.652 [info] Added views:outline in workbench.view.explorer
2025-02-07 21:17:13.652 [info] Added views:workbench.view.search in workbench.view.search
2025-02-07 21:17:13.652 [info] Added views:workbench.scm in workbench.view.scm
2025-02-07 21:17:13.652 [info] Added views:workbench.panel.markers.view in workbench.panel.markers
2025-02-07 21:17:13.652 [info] Added views:workbench.panel.output in workbench.panel.output
2025-02-07 21:17:13.652 [info] Added views:terminal in terminal
2025-02-07 21:17:13.652 [info] Added views:timeline in workbench.view.explorer
2025-02-07 21:17:13.652 [info] Added views:workbench.explorer.emptyView in workbench.view.explorer
2025-02-07 21:17:13.962 [info] Added views:workbench.debug.variablesView,workbench.debug.watchExpressionsView,workbench.debug.callStackView,workbench.debug.breakPointsView in workbench.view.debug
2025-02-07 21:17:15.015 [info] Added views:postman-for-vscode.sidebar-panel in workbench.view.extension.sidebar-panel
2025-02-07 21:17:15.015 [info] Added views:postman-console-view in workbench.view.extension.postman-console-view-container
2025-02-07 21:17:15.118 [info] Added views:~remote.forwardedPorts in ~remote.forwardedPortsContainer
2025-02-07 21:17:15.338 [info] Added views:workbench.panel.repl.view in workbench.panel.repl
2025-02-07 21:17:15.340 [info] Removed views:workbench.debug.breakPointsView,workbench.debug.callStackView,workbench.debug.watchExpressionsView,workbench.debug.variablesView from workbench.view.debug
2025-02-07 21:17:15.341 [info] Added views:workbench.debug.welcome in workbench.view.debug
2025-02-07 21:18:32.775 [info] Added views:workbench.scm.history in workbench.view.scm
2025-02-07 21:20:05.940 [info] Removed views:workbench.scm.history from workbench.view.scm
2025-02-07 21:20:06.340 [info] Added views:outline in workbench.view.explorer
2025-02-07 21:20:06.340 [info] Added views:workbench.view.search in workbench.view.search
2025-02-07 21:20:06.340 [info] Added views:workbench.scm in workbench.view.scm
2025-02-07 21:20:06.340 [info] Added views:workbench.panel.markers.view in workbench.panel.markers
2025-02-07 21:20:06.340 [info] Added views:workbench.panel.output in workbench.panel.output
2025-02-07 21:20:06.340 [info] Added views:terminal in terminal
2025-02-07 21:20:06.340 [info] Added views:timeline in workbench.view.explorer
2025-02-07 21:20:06.340 [info] Added views:workbench.explorer.fileView in workbench.view.explorer
2025-02-07 21:20:06.787 [info] Added views:workbench.debug.variablesView,workbench.debug.watchExpressionsView,workbench.debug.callStackView,workbench.debug.breakPointsView in workbench.view.debug
2025-02-07 21:20:06.891 [info] Added views:postman-for-vscode.sidebar-panel in workbench.view.extension.sidebar-panel
2025-02-07 21:20:06.891 [info] Added views:postman-console-view in workbench.view.extension.postman-console-view-container
2025-02-07 21:20:06.936 [info] Added views:~remote.forwardedPorts in ~remote.forwardedPortsContainer
2025-02-07 21:20:07.137 [info] Added views:workbench.panel.repl.view in workbench.panel.repl
2025-02-07 21:20:07.137 [info] Removed views:workbench.debug.breakPointsView,workbench.debug.callStackView,workbench.debug.watchExpressionsView,workbench.debug.variablesView from workbench.view.debug
2025-02-07 21:20:07.137 [info] Added views:workbench.debug.welcome in workbench.view.debug
2025-02-07 21:20:07.798 [info] Added views:workbench.scm.history in workbench.view.scm
2025-02-07 21:21:24.323 [info] Added views:workbench.view.testing in workbench.view.extension.test
2025-02-07 21:21:24.324 [info] Added views:go.explorer in workbench.view.explorer
