2025-02-10 14:40:05.405 [info] Started local extension host with pid 3267.
2025-02-10 14:40:06.901 [info] Settings Sync: Updating due to initialize
2025-02-10 14:40:06.901 [info] Settings Sync: Updating authentication providers. Authentication Providers from store: [{"id":"github","scopes":["user:email"]},{"id":"microsoft","scopes":["openid","profile","email","offline_access"]}]
2025-02-10 14:40:06.901 [info] Settings Sync: Authentication providers updated []
2025-02-10 14:40:06.923 [info] Settings Sync: Updating authentication providers. Authentication Providers from store: [{"id":"github","scopes":["user:email"]},{"id":"microsoft","scopes":["openid","profile","email","offline_access"]}]
2025-02-10 14:40:06.924 [info] Settings Sync: Authentication providers updated ["github"]
2025-02-10 14:40:06.924 [info] Settings Sync: Updating authentication providers. Authentication Providers from store: [{"id":"github","scopes":["user:email"]},{"id":"microsoft","scopes":["openid","profile","email","offline_access"]}]
2025-02-10 14:40:06.924 [info] Settings Sync: Authentication providers updated ["github"]
2025-02-10 14:40:06.924 [info] Settings Sync: Updating authentication providers. Authentication Providers from store: [{"id":"github","scopes":["user:email"]},{"id":"microsoft","scopes":["openid","profile","email","offline_access"]}]
2025-02-10 14:40:06.924 [info] Settings Sync: Authentication providers updated ["github","microsoft"]
2025-02-10 14:40:06.924 [info] Settings Sync: Updating authentication providers. Authentication Providers from store: [{"id":"github","scopes":["user:email"]},{"id":"microsoft","scopes":["openid","profile","email","offline_access"]}]
2025-02-10 14:40:06.924 [info] Settings Sync: Authentication providers updated ["github","microsoft"]
2025-02-10 14:40:06.937 [info] Settings Sync: Updating due to declared authentication providers changed
2025-02-10 14:40:06.937 [info] Settings Sync: Updating authentication providers. Authentication Providers from store: [{"id":"github","scopes":["user:email"]},{"id":"microsoft","scopes":["openid","profile","email","offline_access"]}]
2025-02-10 14:40:06.937 [info] Settings Sync: Authentication providers updated ["github","microsoft"]
2025-02-10 14:40:06.937 [info] Settings Sync: Updating due to declared authentication providers changed
2025-02-10 14:40:06.938 [info] Settings Sync: Updating authentication providers. Authentication Providers from store: [{"id":"github","scopes":["user:email"]},{"id":"microsoft","scopes":["openid","profile","email","offline_access"]}]
2025-02-10 14:40:06.938 [info] Settings Sync: Authentication providers updated ["github","microsoft"]
2025-02-10 14:40:07.584 [info] Settings Sync: Updating authentication providers. Authentication Providers from store: [{"id":"github","scopes":["user:email"]},{"id":"microsoft","scopes":["openid","profile","email","offline_access"]}]
2025-02-10 14:40:07.584 [info] Settings Sync: Authentication providers updated ["github","microsoft"]
2025-02-10 14:40:08.082 [info] [perf] Render performance baseline is 30ms
2025-02-10 14:40:22.894 [info] Started local extension host with pid 3545.
2025-02-10 14:40:23.418 [info] Settings Sync: Updating due to initialize
2025-02-10 14:40:23.418 [info] Settings Sync: Updating authentication providers. Authentication Providers from store: [{"id":"github","scopes":["user:email"]},{"id":"microsoft","scopes":["openid","profile","email","offline_access"]}]
2025-02-10 14:40:23.419 [info] Settings Sync: Authentication providers updated []
2025-02-10 14:40:23.573 [info] Settings Sync: Updating authentication providers. Authentication Providers from store: [{"id":"github","scopes":["user:email"]},{"id":"microsoft","scopes":["openid","profile","email","offline_access"]}]
2025-02-10 14:40:23.573 [info] Settings Sync: Authentication providers updated ["github"]
2025-02-10 14:40:23.573 [info] Settings Sync: Updating authentication providers. Authentication Providers from store: [{"id":"github","scopes":["user:email"]},{"id":"microsoft","scopes":["openid","profile","email","offline_access"]}]
2025-02-10 14:40:23.573 [info] Settings Sync: Authentication providers updated ["github"]
2025-02-10 14:40:23.573 [info] Settings Sync: Updating authentication providers. Authentication Providers from store: [{"id":"github","scopes":["user:email"]},{"id":"microsoft","scopes":["openid","profile","email","offline_access"]}]
2025-02-10 14:40:23.573 [info] Settings Sync: Authentication providers updated ["github","microsoft"]
2025-02-10 14:40:23.573 [info] Settings Sync: Updating authentication providers. Authentication Providers from store: [{"id":"github","scopes":["user:email"]},{"id":"microsoft","scopes":["openid","profile","email","offline_access"]}]
2025-02-10 14:40:23.574 [info] Settings Sync: Authentication providers updated ["github","microsoft"]
2025-02-10 14:40:23.600 [info] Settings Sync: Updating due to declared authentication providers changed
2025-02-10 14:40:23.600 [info] Settings Sync: Updating authentication providers. Authentication Providers from store: [{"id":"github","scopes":["user:email"]},{"id":"microsoft","scopes":["openid","profile","email","offline_access"]}]
2025-02-10 14:40:23.600 [info] Settings Sync: Authentication providers updated ["github","microsoft"]
2025-02-10 14:40:23.600 [info] Settings Sync: Updating due to declared authentication providers changed
2025-02-10 14:40:23.600 [info] Settings Sync: Updating authentication providers. Authentication Providers from store: [{"id":"github","scopes":["user:email"]},{"id":"microsoft","scopes":["openid","profile","email","offline_access"]}]
2025-02-10 14:40:23.600 [info] Settings Sync: Authentication providers updated ["github","microsoft"]
2025-02-10 14:40:25.504 [info] [perf] Render performance baseline is 43ms
2025-02-10 14:40:29.638 [info] Settings Sync: Updating authentication providers. Authentication Providers from store: [{"id":"github","scopes":["user:email"]},{"id":"microsoft","scopes":["openid","profile","email","offline_access"]}]
2025-02-10 14:40:29.638 [info] Settings Sync: Authentication providers updated ["github","microsoft"]
2025-02-10 14:40:30.521 [error] [File Watcher] Unexpected error: inotify_add_watch on '/home/imad-07/.cache/mozilla/firefox/4unrgj4s.default-esr/cache2/doomed' failed: No such file or directory (EUNKNOWN) (path: /home/imad-07)
2025-02-10 14:40:30.525 [error] [File Watcher (universal)] inotify_add_watch on '/home/imad-07/.cache/mozilla/firefox/4unrgj4s.default-esr/cache2/doomed' failed: No such file or directory
2025-02-10 14:44:24.091 [warning] [File Watcher] Watcher shutdown because watched path got deleted (path: /home/imad-07/prjct)
2025-02-10 14:51:33.955 [error] Error: The editor could not be opened because the file was not found.
    at Nbe.gc (vscode-file://vscode-app/usr/share/code/resources/app/out/vs/workbench/workbench.desktop.main.js:2101:32266)
    at async Nbe.setInput (vscode-file://vscode-app/usr/share/code/resources/app/out/vs/workbench/workbench.desktop.main.js:2101:31424)
    at async j8e.U (vscode-file://vscode-app/usr/share/code/resources/app/out/vs/workbench/workbench.desktop.main.js:663:100849)
    at async j8e.M (vscode-file://vscode-app/usr/share/code/resources/app/out/vs/workbench/workbench.desktop.main.js:663:99400)
    at async j8e.openEditor (vscode-file://vscode-app/usr/share/code/resources/app/out/vs/workbench/workbench.desktop.main.js:663:98482)
    at async vscode-file://vscode-app/usr/share/code/resources/app/out/vs/workbench/workbench.desktop.main.js:775:23622
    at async vZ.value (vscode-file://vscode-app/usr/share/code/resources/app/out/vs/workbench/workbench.desktop.main.js:537:14877)
2025-02-10 14:52:27.188 [info] Started local extension host with pid 8014.
2025-02-10 14:52:27.707 [info] Settings Sync: Updating due to initialize
2025-02-10 14:52:27.707 [info] Settings Sync: Updating authentication providers. Authentication Providers from store: [{"id":"github","scopes":["user:email"]},{"id":"microsoft","scopes":["openid","profile","email","offline_access"]}]
2025-02-10 14:52:27.707 [info] Settings Sync: Authentication providers updated []
2025-02-10 14:52:27.878 [info] Settings Sync: Updating authentication providers. Authentication Providers from store: [{"id":"github","scopes":["user:email"]},{"id":"microsoft","scopes":["openid","profile","email","offline_access"]}]
2025-02-10 14:52:27.879 [info] Settings Sync: Authentication providers updated ["github"]
2025-02-10 14:52:27.879 [info] Settings Sync: Updating authentication providers. Authentication Providers from store: [{"id":"github","scopes":["user:email"]},{"id":"microsoft","scopes":["openid","profile","email","offline_access"]}]
2025-02-10 14:52:27.879 [info] Settings Sync: Authentication providers updated ["github"]
2025-02-10 14:52:27.879 [info] Settings Sync: Updating authentication providers. Authentication Providers from store: [{"id":"github","scopes":["user:email"]},{"id":"microsoft","scopes":["openid","profile","email","offline_access"]}]
2025-02-10 14:52:27.879 [info] Settings Sync: Authentication providers updated ["github","microsoft"]
2025-02-10 14:52:27.879 [info] Settings Sync: Updating authentication providers. Authentication Providers from store: [{"id":"github","scopes":["user:email"]},{"id":"microsoft","scopes":["openid","profile","email","offline_access"]}]
2025-02-10 14:52:27.879 [info] Settings Sync: Authentication providers updated ["github","microsoft"]
2025-02-10 14:52:27.890 [info] Settings Sync: Updating due to declared authentication providers changed
2025-02-10 14:52:27.891 [info] Settings Sync: Updating authentication providers. Authentication Providers from store: [{"id":"github","scopes":["user:email"]},{"id":"microsoft","scopes":["openid","profile","email","offline_access"]}]
2025-02-10 14:52:27.891 [info] Settings Sync: Authentication providers updated ["github","microsoft"]
2025-02-10 14:52:27.891 [info] Settings Sync: Updating due to declared authentication providers changed
2025-02-10 14:52:27.891 [info] Settings Sync: Updating authentication providers. Authentication Providers from store: [{"id":"github","scopes":["user:email"]},{"id":"microsoft","scopes":["openid","profile","email","offline_access"]}]
2025-02-10 14:52:27.891 [info] Settings Sync: Authentication providers updated ["github","microsoft"]
2025-02-10 14:52:29.843 [info] [perf] Render performance baseline is 37ms
2025-02-10 14:52:33.936 [info] Settings Sync: Updating authentication providers. Authentication Providers from store: [{"id":"github","scopes":["user:email"]},{"id":"microsoft","scopes":["openid","profile","email","offline_access"]}]
2025-02-10 14:52:33.937 [info] Settings Sync: Authentication providers updated ["github","microsoft"]
