2025-02-10 14:40:05.222 [info] Added views:outline in workbench.view.explorer
2025-02-10 14:40:05.222 [info] Added views:workbench.view.search in workbench.view.search
2025-02-10 14:40:05.222 [info] Added views:workbench.scm in workbench.view.scm
2025-02-10 14:40:05.222 [info] Added views:workbench.panel.markers.view in workbench.panel.markers
2025-02-10 14:40:05.222 [info] Added views:workbench.panel.output in workbench.panel.output
2025-02-10 14:40:05.222 [info] Added views:terminal in terminal
2025-02-10 14:40:05.222 [info] Added views:timeline in workbench.view.explorer
2025-02-10 14:40:05.222 [info] Added views:workbench.explorer.fileView in workbench.view.explorer
2025-02-10 14:40:05.379 [info] Added views:workbench.debug.welcome in workbench.view.debug
2025-02-10 14:40:06.164 [info] Added views:postman-for-vscode.sidebar-panel in workbench.view.extension.sidebar-panel
2025-02-10 14:40:06.165 [info] Added views:postman-console-view in workbench.view.extension.postman-console-view-container
2025-02-10 14:40:06.358 [info] Added views:workbench.panel.repl.view in workbench.panel.repl
2025-02-10 14:40:06.899 [info] Added views:~remote.forwardedPorts in ~remote.forwardedPortsContainer
2025-02-10 14:40:07.437 [info] Added views:workbench.scm.history in workbench.view.scm
2025-02-10 14:40:22.496 [info] Removed views:workbench.scm.history from workbench.view.scm
2025-02-10 14:40:22.840 [info] Added views:outline in workbench.view.explorer
2025-02-10 14:40:22.840 [info] Added views:workbench.view.search in workbench.view.search
2025-02-10 14:40:22.840 [info] Added views:workbench.scm in workbench.view.scm
2025-02-10 14:40:22.840 [info] Added views:workbench.panel.markers.view in workbench.panel.markers
2025-02-10 14:40:22.840 [info] Added views:workbench.panel.output in workbench.panel.output
2025-02-10 14:40:22.840 [info] Added views:terminal in terminal
2025-02-10 14:40:22.840 [info] Added views:timeline in workbench.view.explorer
2025-02-10 14:40:22.840 [info] Added views:workbench.explorer.fileView in workbench.view.explorer
2025-02-10 14:40:23.231 [info] Added views:postman-for-vscode.sidebar-panel in workbench.view.extension.sidebar-panel
2025-02-10 14:40:23.232 [info] Added views:postman-console-view in workbench.view.extension.postman-console-view-container
2025-02-10 14:40:23.356 [info] Added views:workbench.debug.variablesView,workbench.debug.watchExpressionsView,workbench.debug.callStackView,workbench.debug.breakPointsView in workbench.view.debug
2025-02-10 14:40:23.426 [info] Added views:workbench.panel.repl.view in workbench.panel.repl
2025-02-10 14:40:23.428 [info] Removed views:workbench.debug.breakPointsView,workbench.debug.callStackView,workbench.debug.watchExpressionsView,workbench.debug.variablesView from workbench.view.debug
2025-02-10 14:40:23.429 [info] Added views:workbench.debug.welcome in workbench.view.debug
2025-02-10 14:40:23.439 [info] Added views:~remote.forwardedPorts in ~remote.forwardedPortsContainer
2025-02-10 14:40:23.756 [info] Added views:workbench.scm.history in workbench.view.scm
2025-02-10 14:52:26.744 [info] Removed views:workbench.scm.history from workbench.view.scm
2025-02-10 14:52:27.128 [info] Added views:outline in workbench.view.explorer
2025-02-10 14:52:27.128 [info] Added views:workbench.view.search in workbench.view.search
2025-02-10 14:52:27.128 [info] Added views:workbench.scm in workbench.view.scm
2025-02-10 14:52:27.128 [info] Added views:workbench.panel.markers.view in workbench.panel.markers
2025-02-10 14:52:27.128 [info] Added views:workbench.panel.output in workbench.panel.output
2025-02-10 14:52:27.128 [info] Added views:terminal in terminal
2025-02-10 14:52:27.128 [info] Added views:timeline in workbench.view.explorer
2025-02-10 14:52:27.128 [info] Added views:workbench.explorer.fileView in workbench.view.explorer
2025-02-10 14:52:27.546 [info] Added views:postman-for-vscode.sidebar-panel in workbench.view.extension.sidebar-panel
2025-02-10 14:52:27.546 [info] Added views:postman-console-view in workbench.view.extension.postman-console-view-container
2025-02-10 14:52:27.676 [info] Added views:workbench.debug.variablesView,workbench.debug.watchExpressionsView,workbench.debug.callStackView,workbench.debug.breakPointsView in workbench.view.debug
2025-02-10 14:52:27.706 [info] Added views:~remote.forwardedPorts in ~remote.forwardedPortsContainer
2025-02-10 14:52:27.823 [info] Added views:workbench.panel.repl.view in workbench.panel.repl
2025-02-10 14:52:27.826 [info] Removed views:workbench.debug.breakPointsView,workbench.debug.callStackView,workbench.debug.watchExpressionsView,workbench.debug.variablesView from workbench.view.debug
2025-02-10 14:52:27.827 [info] Added views:workbench.debug.welcome in workbench.view.debug
2025-02-10 14:52:28.519 [info] Added views:workbench.scm.history in workbench.view.scm
2025-02-10 15:25:23.388 [info] Removed views:workbench.scm.history from workbench.view.scm
