2025-02-10 15:37:13.277 [info] [main] Log level: Info
2025-02-10 15:37:13.277 [info] [main] Validating found git in: "git"
2025-02-10 15:37:13.277 [info] [main] Using git "2.43.0" from "git"
2025-02-10 15:37:13.277 [info] [Model][doInitialScan] Initial repository scan started
2025-02-10 15:37:13.277 [info] > git rev-parse --show-toplevel [35ms]
2025-02-10 15:37:13.277 [info] > git rev-parse --git-dir --git-common-dir [2ms]
2025-02-10 15:37:13.277 [info] [Model][openRepository] Opened repository: /home/imad-07
2025-02-10 15:37:13.277 [info] > git rev-parse --show-toplevel [6ms]
2025-02-10 15:37:13.277 [info] [Model][doInitialScan] Initial repository scan completed - repositories (1), closed repositories (0), parent repositories (0), unsafe repositories (0)
2025-02-10 15:37:13.277 [info] > git config --get commit.template [17ms]
2025-02-10 15:37:13.278 [info] > git for-each-ref --format=%(refname)%00%(upstream:short)%00%(objectname)%00%(upstream:track)%00%(upstream:remotename)%00%(upstream:remoteref) refs/heads/main refs/remotes/main [66ms]
2025-02-10 15:37:13.317 [info] > git for-each-ref --sort -committerdate --format %(refname) %(objectname) %(*objectname) [29ms]
2025-02-10 15:37:15.437 [info] > git status -z -uall [2153ms] (cancelled)
2025-02-10 15:37:15.437 [info] > git config --get commit.template [580ms]
2025-02-10 15:37:15.437 [info] > git for-each-ref --format=%(refname)%00%(upstream:short)%00%(objectname)%00%(upstream:track)%00%(upstream:remotename)%00%(upstream:remoteref) refs/heads/main refs/remotes/main [587ms]
2025-02-10 15:37:15.452 [info] > git config --local branch.main.vscode-merge-base [7ms]
2025-02-10 15:37:15.452 [warning] [Git][config] git config failed: Failed to execute git
2025-02-10 15:37:15.480 [info] > git for-each-ref --format=%(refname)%00%(upstream:short)%00%(objectname)%00%(upstream:track)%00%(upstream:remotename)%00%(upstream:remoteref) refs/heads/main refs/remotes/main [5ms]
2025-02-10 15:37:15.499 [info] > git reflog main --grep-reflog=branch: Created from *. [38ms]
2025-02-10 15:37:15.509 [info] > git symbolic-ref --short refs/remotes/origin/HEAD [1ms]
2025-02-10 15:37:15.509 [info] fatal: ref refs/remotes/origin/HEAD is not a symbolic ref
2025-02-10 15:37:15.509 [warning] [Repository][getDefaultBranch] Failed to get default branch details: Failed to execute git.
2025-02-10 15:37:15.511 [info] > git for-each-ref --sort -committerdate --format %(refname) %(objectname) %(*objectname) [12ms]
2025-02-10 15:37:15.802 [info] > git status -z -uall [316ms] (cancelled)
2025-02-10 15:37:34.963 [info] > git log --format=%H%n%aN%n%aE%n%at%n%ct%n%P%n%D%n%B -z --shortstat --diff-merges=first-parent -n50 --skip=0 --topo-order --decorate=full --stdin [2ms]
2025-02-10 15:37:35.980 [info] > git check-ignore -v -z --stdin [1ms]
2025-02-10 15:37:37.036 [info] > git log --format=%H%n%aN%n%aE%n%at%n%ct%n%P%n%D%n%B -z --shortstat --diff-merges=first-parent -n50 --skip=0 --topo-order --decorate=full --stdin [1ms]
2025-02-10 15:37:38.529 [info] > git log --format=%H%n%aN%n%aE%n%at%n%ct%n%P%n%D%n%B -z --shortstat --diff-merges=first-parent -n50 --skip=0 --topo-order --decorate=full --stdin [2ms]
