[Info  - 9:21:24 PM] 2025/02/07 21:21:24 Created View (#1)
	directory=/home/imad-07/realtimeforum
	view_type="GoMod"
	root_dir="file:///home/imad-07/realtimeforum"
	go_version="go version go1.23.4 linux/amd64"
	build_flags=[]
	env={GOOS:linux GOARCH:amd64 GOCACHE:/home/imad-07/.cache/go-build GOMODCACHE:/home/imad-07/go/pkg/mod GOPATH:/home/imad-07/go GOPRIVATE: GOFLAGS: GO111MODULE: GOTOOLCHAIN:auto GOROOT:/usr/lib/go-1.23 GoVersion:23 GoVersionOutput:go version go1.23.4 linux/amd64
 ExplicitGOWORK: EffectiveGOPACKAGESDRIVER:}
	env_overlay=[]

[Info  - 9:21:28 PM] 2025/02/07 21:21:28 go/packages.Load #1
	view_id="1"
	snapshot=0
	directory=/home/imad-07/realtimeforum
	query=[/home/imad-07/realtimeforum/... builtin]
	packages=10
	duration=4.203244576s

[Info  - 9:21:55 PM] 2025/02/07 21:21:55 background imports cache refresh starting

[Info  - 9:21:55 PM] 2025/02/07 21:21:55 background refresh finished after 1.120091588s

[Info  - 9:22:57 PM] 2025/02/07 21:22:57 background imports cache refresh starting

[Info  - 9:22:57 PM] 2025/02/07 21:22:57 background refresh finished after 4.884547ms

[Info  - 9:36:01 PM] 2025/02/07 21:36:01 background imports cache refresh starting

[Info  - 9:36:01 PM] 2025/02/07 21:36:01 background refresh finished after 1.467582ms

[Info  - 9:36:38 PM] 2025/02/07 21:36:38 background imports cache refresh starting

[Info  - 9:36:38 PM] 2025/02/07 21:36:38 background refresh finished after 3.183606ms

[Info  - 9:37:12 PM] 2025/02/07 21:37:12 background imports cache refresh starting

[Info  - 9:37:12 PM] 2025/02/07 21:37:12 background refresh finished after 3.410647ms

[Info  - 9:37:42 PM] 2025/02/07 21:37:42 background imports cache refresh starting

[Info  - 9:37:42 PM] 2025/02/07 21:37:42 background refresh finished after 3.133696ms

[Info  - 9:38:12 PM] 2025/02/07 21:38:12 background imports cache refresh starting

[Info  - 9:38:12 PM] 2025/02/07 21:38:12 background refresh finished after 3.621178ms

[Error - 9:40:16 PM] 2025/02/07 21:40:16 imports fixes: allImportsFixes: /home/imad-07/realtimeforum/server/handlers/user_handler.go:179:33: expected operand, found ',' (and 5 more errors)
	file="/home/imad-07/realtimeforum/server/handlers/user_handler.go"

[Error - 9:40:17 PM] 2025/02/07 21:40:17 imports fixes: allImportsFixes: /home/imad-07/realtimeforum/server/handlers/user_handler.go:179:33: expected operand, found ',' (and 5 more errors)
	file="/home/imad-07/realtimeforum/server/handlers/user_handler.go"

[Error - 9:40:17 PM] 2025/02/07 21:40:17 imports fixes: allImportsFixes: /home/imad-07/realtimeforum/server/handlers/user_handler.go:179:33: expected operand, found ',' (and 5 more errors)
	file="/home/imad-07/realtimeforum/server/handlers/user_handler.go"

[Info  - 9:40:30 PM] 2025/02/07 21:40:30 background imports cache refresh starting

[Info  - 9:40:30 PM] 2025/02/07 21:40:30 background refresh finished after 3.684339ms

[Info  - 9:41:00 PM] 2025/02/07 21:41:00 background imports cache refresh starting

[Info  - 9:41:00 PM] 2025/02/07 21:41:00 background refresh finished after 3.489622ms

