2025-02-08 15:53:20.778 [info] [main] Log level: Info
2025-02-08 15:53:20.779 [info] [main] Validating found git in: "git"
2025-02-08 15:53:20.779 [info] [main] Using git "2.43.0" from "git"
2025-02-08 15:53:20.779 [info] [Model][doInitialScan] Initial repository scan started
2025-02-08 15:53:20.779 [info] > git rev-parse --show-toplevel [20ms]
2025-02-08 15:53:20.779 [info] > git rev-parse --git-dir --git-common-dir [39ms]
2025-02-08 15:53:20.779 [info] [Model][openRepository] Opened repository: /home/imad-07/realtimeforum
2025-02-08 15:53:20.826 [info] > git rev-parse --show-toplevel [30ms]
2025-02-08 15:53:20.827 [info] > git config --get commit.template [42ms]
2025-02-08 15:53:20.879 [info] > git rev-parse --show-toplevel [39ms]
2025-02-08 15:53:20.887 [info] > git for-each-ref --format=%(refname)%00%(upstream:short)%00%(objectname)%00%(upstream:track)%00%(upstream:remotename)%00%(upstream:remoteref) refs/heads/imad-07 refs/remotes/imad-07 [9ms]
2025-02-08 15:53:20.891 [info] > git rev-parse --show-toplevel [6ms]
2025-02-08 15:53:20.926 [info] > git status -z -uall [12ms]
2025-02-08 15:53:20.927 [info] > git rev-parse --show-toplevel [28ms]
2025-02-08 15:53:20.928 [info] [Model][doInitialScan] Initial repository scan completed - repositories (1), closed repositories (0), parent repositories (0), unsafe repositories (0)
2025-02-08 15:53:20.930 [info] > git for-each-ref --sort -committerdate --format %(refname) %(objectname) %(*objectname) [4ms]
2025-02-08 15:53:20.955 [info] > git for-each-ref --format=%(refname)%00%(upstream:short)%00%(objectname)%00%(upstream:track)%00%(upstream:remotename)%00%(upstream:remoteref) refs/heads/imad-07 refs/remotes/imad-07 [12ms]
2025-02-08 15:53:20.964 [info] > git config --local branch.imad-07.vscode-merge-base [2ms]
2025-02-08 15:53:20.972 [info] > git config --get commit.template [18ms]
2025-02-08 15:53:21.015 [info] > git for-each-ref --format=%(refname)%00%(upstream:short)%00%(objectname)%00%(upstream:track)%00%(upstream:remotename)%00%(upstream:remoteref) refs/heads/origin/imad-07 refs/remotes/origin/imad-07 [43ms]
2025-02-08 15:53:21.042 [info] > git merge-base refs/heads/imad-07 refs/remotes/origin/imad-07 [21ms]
2025-02-08 15:53:21.046 [info] > git for-each-ref --format=%(refname)%00%(upstream:short)%00%(objectname)%00%(upstream:track)%00%(upstream:remotename)%00%(upstream:remoteref) refs/heads/imad-07 refs/remotes/imad-07 [32ms]
2025-02-08 15:53:21.048 [info] > git diff --name-status -z --diff-filter=ADMR da982b4298b80f97ffe0897093d43e766bbad7a0...refs/remotes/origin/imad-07 [2ms]
2025-02-08 15:53:21.060 [info] > git status -z -uall [6ms]
2025-02-08 15:53:21.061 [info] > git for-each-ref --sort -committerdate --format %(refname) %(objectname) %(*objectname) [2ms]
2025-02-08 15:53:21.092 [info] > git show --textconv :dockerfile [6ms]
2025-02-08 15:53:21.093 [info] > git ls-files --stage -- /home/imad-07/realtimeforum/dockerfile [2ms]
2025-02-08 15:53:21.098 [info] > git cat-file -s 3835109816a8826e5649cd21a82c8bc332e5ec9d [0ms]
2025-02-08 15:53:21.352 [info] > git check-ignore -v -z --stdin [14ms]
2025-02-08 15:53:33.511 [info] > git check-ignore -v -z --stdin [1ms]
2025-02-08 15:53:48.591 [info] > git config --get commit.template [11ms]
2025-02-08 15:53:48.592 [info] > git for-each-ref --format=%(refname)%00%(upstream:short)%00%(objectname)%00%(upstream:track)%00%(upstream:remotename)%00%(upstream:remoteref) refs/heads/imad-07 refs/remotes/imad-07 [2ms]
2025-02-08 15:53:48.611 [info] > git status -z -uall [10ms]
2025-02-08 15:53:48.612 [info] > git for-each-ref --sort -committerdate --format %(refname) %(objectname) %(*objectname) [2ms]
2025-02-08 15:53:54.357 [info] > git config --get commit.template [12ms]
2025-02-08 15:53:54.358 [info] > git for-each-ref --format=%(refname)%00%(upstream:short)%00%(objectname)%00%(upstream:track)%00%(upstream:remotename)%00%(upstream:remoteref) refs/heads/imad-07 refs/remotes/imad-07 [2ms]
2025-02-08 15:53:54.373 [info] > git status -z -uall [6ms]
2025-02-08 15:53:54.373 [info] > git for-each-ref --sort -committerdate --format %(refname) %(objectname) %(*objectname) [1ms]
2025-02-08 15:53:59.688 [info] > git config --get commit.template [12ms]
2025-02-08 15:53:59.689 [info] > git for-each-ref --format=%(refname)%00%(upstream:short)%00%(objectname)%00%(upstream:track)%00%(upstream:remotename)%00%(upstream:remoteref) refs/heads/imad-07 refs/remotes/imad-07 [3ms]
2025-02-08 15:53:59.704 [info] > git status -z -uall [7ms]
2025-02-08 15:53:59.705 [info] > git for-each-ref --sort -committerdate --format %(refname) %(objectname) %(*objectname) [2ms]
2025-02-08 15:54:04.728 [info] > git config --get commit.template [11ms]
2025-02-08 15:54:04.729 [info] > git for-each-ref --format=%(refname)%00%(upstream:short)%00%(objectname)%00%(upstream:track)%00%(upstream:remotename)%00%(upstream:remoteref) refs/heads/imad-07 refs/remotes/imad-07 [2ms]
2025-02-08 15:54:04.741 [info] > git status -z -uall [6ms]
2025-02-08 15:54:04.742 [info] > git for-each-ref --sort -committerdate --format %(refname) %(objectname) %(*objectname) [1ms]
2025-02-08 15:54:09.963 [info] > git config --get commit.template [3ms]
2025-02-08 15:54:09.974 [info] > git for-each-ref --format=%(refname)%00%(upstream:short)%00%(objectname)%00%(upstream:track)%00%(upstream:remotename)%00%(upstream:remoteref) refs/heads/imad-07 refs/remotes/imad-07 [1ms]
2025-02-08 15:54:09.988 [info] > git status -z -uall [8ms]
2025-02-08 15:54:09.989 [info] > git for-each-ref --sort -committerdate --format %(refname) %(objectname) %(*objectname) [1ms]
2025-02-08 15:55:54.582 [info] > git config --get commit.template [11ms]
2025-02-08 15:55:54.583 [info] > git for-each-ref --format=%(refname)%00%(upstream:short)%00%(objectname)%00%(upstream:track)%00%(upstream:remotename)%00%(upstream:remoteref) refs/heads/imad-07 refs/remotes/imad-07 [2ms]
2025-02-08 15:55:54.595 [info] > git status -z -uall [6ms]
2025-02-08 15:55:54.596 [info] > git for-each-ref --sort -committerdate --format %(refname) %(objectname) %(*objectname) [1ms]
2025-02-08 15:56:28.392 [info] > git config --get commit.template [11ms]
2025-02-08 15:56:28.393 [info] > git for-each-ref --format=%(refname)%00%(upstream:short)%00%(objectname)%00%(upstream:track)%00%(upstream:remotename)%00%(upstream:remoteref) refs/heads/imad-07 refs/remotes/imad-07 [2ms]
2025-02-08 15:56:28.407 [info] > git status -z -uall [8ms]
2025-02-08 15:56:28.408 [info] > git for-each-ref --sort -committerdate --format %(refname) %(objectname) %(*objectname) [2ms]
2025-02-08 15:56:40.685 [info] > git config --get commit.template [2ms]
2025-02-08 15:56:40.693 [info] > git for-each-ref --format=%(refname)%00%(upstream:short)%00%(objectname)%00%(upstream:track)%00%(upstream:remotename)%00%(upstream:remoteref) refs/heads/imad-07 refs/remotes/imad-07 [3ms]
2025-02-08 15:56:40.711 [info] > git status -z -uall [8ms]
2025-02-08 15:56:40.712 [info] > git for-each-ref --sort -committerdate --format %(refname) %(objectname) %(*objectname) [2ms]
2025-02-08 15:56:45.735 [info] > git config --get commit.template [10ms]
2025-02-08 15:56:45.736 [info] > git for-each-ref --format=%(refname)%00%(upstream:short)%00%(objectname)%00%(upstream:track)%00%(upstream:remotename)%00%(upstream:remoteref) refs/heads/imad-07 refs/remotes/imad-07 [2ms]
2025-02-08 15:56:45.749 [info] > git status -z -uall [8ms]
2025-02-08 15:56:45.750 [info] > git for-each-ref --sort -committerdate --format %(refname) %(objectname) %(*objectname) [2ms]
