2025-02-08 09:33:26.052 [info] [main] Log level: Info
2025-02-08 09:33:26.052 [info] [main] Validating found git in: "git"
2025-02-08 09:33:26.052 [info] [main] Using git "2.43.0" from "git"
2025-02-08 09:33:26.052 [info] [Model][doInitialScan] Initial repository scan started
2025-02-08 09:33:26.052 [info] > git rev-parse --show-toplevel [1146ms]
2025-02-08 09:33:26.053 [info] > git rev-parse --git-dir --git-common-dir [4ms]
2025-02-08 09:33:26.076 [info] [Model][openRepository] Opened repository: /home/imad-07/realtimeforum
2025-02-08 09:33:26.118 [info] > git rev-parse --show-toplevel [14ms]
2025-02-08 09:33:26.119 [info] > git config --get commit.template [29ms]
2025-02-08 09:33:26.148 [info] > git rev-parse --show-toplevel [17ms]
2025-02-08 09:33:26.165 [info] > git rev-parse --show-toplevel [5ms]
2025-02-08 09:33:26.165 [info] > git for-each-ref --format=%(refname)%00%(upstream:short)%00%(objectname)%00%(upstream:track)%00%(upstream:remotename)%00%(upstream:remoteref) refs/heads/imad-07 refs/remotes/imad-07 [19ms]
2025-02-08 09:33:26.179 [warning] [Git][revParse] Unable to read file: ENOENT: no such file or directory, open '/home/imad-07/realtimeforum/.git/refs/remotes/origin/imad-07'
2025-02-08 09:33:26.182 [info] > git rev-parse refs/remotes/origin/imad-07 [2ms]
2025-02-08 09:33:26.206 [info] > git rev-parse --show-toplevel [34ms]
2025-02-08 09:33:26.211 [info] [Model][doInitialScan] Initial repository scan completed - repositories (1), closed repositories (0), parent repositories (0), unsafe repositories (0)
2025-02-08 09:33:26.215 [info] > git for-each-ref --sort -committerdate --format %(refname) %(objectname) %(*objectname) [9ms]
2025-02-08 09:33:26.221 [info] > git status -z -uall [30ms]
2025-02-08 09:33:26.266 [info] > git for-each-ref --format=%(refname)%00%(upstream:short)%00%(objectname)%00%(upstream:track)%00%(upstream:remotename)%00%(upstream:remoteref) refs/heads/imad-07 refs/remotes/imad-07 [29ms]
2025-02-08 09:33:26.300 [info] > git config --local branch.imad-07.vscode-merge-base [24ms]
2025-02-08 09:33:26.307 [info] > git config --get commit.template [41ms]
2025-02-08 09:33:26.370 [info] > git for-each-ref --format=%(refname)%00%(upstream:short)%00%(objectname)%00%(upstream:track)%00%(upstream:remotename)%00%(upstream:remoteref) refs/heads/origin/imad-07 refs/remotes/origin/imad-07 [64ms]
2025-02-08 09:33:26.436 [info] > git merge-base refs/heads/imad-07 refs/remotes/origin/imad-07 [57ms]
2025-02-08 09:33:26.452 [info] > git diff --name-status -z --diff-filter=ADMR df91f0eceac10f8acccb615ae9d1256628decbc7...refs/remotes/origin/imad-07 [9ms]
2025-02-08 09:33:26.453 [info] > git for-each-ref --format=%(refname)%00%(upstream:short)%00%(objectname)%00%(upstream:track)%00%(upstream:remotename)%00%(upstream:remoteref) refs/heads/imad-07 refs/remotes/imad-07 [18ms]
2025-02-08 09:33:26.461 [warning] [Git][revParse] Unable to read file: ENOENT: no such file or directory, open '/home/imad-07/realtimeforum/.git/refs/remotes/origin/imad-07'
2025-02-08 09:33:26.475 [info] > git rev-parse refs/remotes/origin/imad-07 [14ms]
2025-02-08 09:33:26.491 [info] > git status -z -uall [9ms]
2025-02-08 09:33:26.493 [info] > git for-each-ref --sort -committerdate --format %(refname) %(objectname) %(*objectname) [2ms]
2025-02-08 09:33:26.627 [info] > git show --textconv :ui/js/script.js [12ms]
2025-02-08 09:33:26.629 [info] > git ls-files --stage -- /home/imad-07/realtimeforum/ui/js/script.js [2ms]
2025-02-08 09:33:26.654 [info] > git cat-file -s cf438b010fdaca5dbfdb5fd4ae31f519b82a9a75 [17ms]
2025-02-08 09:33:26.729 [info] > git check-ignore -v -z --stdin [2ms]
2025-02-08 09:33:31.278 [info] > git config --get commit.template [12ms]
2025-02-08 09:33:31.280 [info] > git for-each-ref --format=%(refname)%00%(upstream:short)%00%(objectname)%00%(upstream:track)%00%(upstream:remotename)%00%(upstream:remoteref) refs/heads/imad-07 refs/remotes/imad-07 [3ms]
2025-02-08 09:33:31.289 [warning] [Git][revParse] Unable to read file: ENOENT: no such file or directory, open '/home/imad-07/realtimeforum/.git/refs/remotes/origin/imad-07'
2025-02-08 09:33:31.291 [info] > git rev-parse refs/remotes/origin/imad-07 [2ms]
2025-02-08 09:33:31.308 [info] > git status -z -uall [9ms]
2025-02-08 09:33:31.310 [info] > git for-each-ref --sort -committerdate --format %(refname) %(objectname) %(*objectname) [3ms]
2025-02-08 09:33:32.397 [info] > git ls-files --stage -- /home/imad-07/realtimeforum/ui/js/script.js [2ms]
2025-02-08 09:33:32.413 [info] > git cat-file -s 5e70f7d0357846824558962ad9d93a792d68be98 [3ms]
2025-02-08 09:33:32.428 [info] > git show --textconv :ui/js/script.js [4ms]
2025-02-08 09:33:38.861 [info] > git config --get commit.template [4ms]
2025-02-08 09:33:38.872 [info] > git for-each-ref --format=%(refname)%00%(upstream:short)%00%(objectname)%00%(upstream:track)%00%(upstream:remotename)%00%(upstream:remoteref) refs/heads/imad-07 refs/remotes/imad-07 [3ms]
2025-02-08 09:33:38.881 [warning] [Git][revParse] Unable to read file: ENOENT: no such file or directory, open '/home/imad-07/realtimeforum/.git/refs/remotes/origin/imad-07'
2025-02-08 09:33:38.882 [info] > git rev-parse refs/remotes/origin/imad-07 [2ms]
2025-02-08 09:33:38.901 [info] > git status -z -uall [10ms]
2025-02-08 09:33:38.904 [info] > git for-each-ref --sort -committerdate --format %(refname) %(objectname) %(*objectname) [4ms]
2025-02-08 09:33:38.934 [info] > git merge-base refs/heads/imad-07 refs/remotes/origin/imad-07 [14ms]
2025-02-08 09:33:38.946 [info] > git diff --name-status -z --diff-filter=ADMR df91f0eceac10f8acccb615ae9d1256628decbc7...refs/remotes/origin/imad-07 [3ms]
2025-02-08 09:33:39.974 [info] > git ls-files --stage -- /home/imad-07/realtimeforum/ui/js/script.js [2ms]
2025-02-08 09:33:39.984 [info] > git cat-file -s 5e70f7d0357846824558962ad9d93a792d68be98 [2ms]
2025-02-08 09:33:40.001 [info] > git show --textconv :ui/js/script.js [3ms]
2025-02-08 09:33:45.010 [info] > git config --get commit.template [15ms]
2025-02-08 09:33:45.012 [info] > git for-each-ref --format=%(refname)%00%(upstream:short)%00%(objectname)%00%(upstream:track)%00%(upstream:remotename)%00%(upstream:remoteref) refs/heads/imad-07 refs/remotes/imad-07 [3ms]
2025-02-08 09:33:45.035 [info] > git status -z -uall [12ms]
2025-02-08 09:33:45.037 [info] > git for-each-ref --sort -committerdate --format %(refname) %(objectname) %(*objectname) [3ms]
2025-02-08 09:33:45.055 [info] > git merge-base refs/heads/imad-07 refs/remotes/origin/imad-07 [3ms]
2025-02-08 09:33:45.066 [info] > git diff --name-status -z --diff-filter=ADMR da982b4298b80f97ffe0897093d43e766bbad7a0...refs/remotes/origin/imad-07 [2ms]
2025-02-08 09:33:46.131 [info] > git ls-files --stage -- /home/imad-07/realtimeforum/ui/js/script.js [1ms]
2025-02-08 09:33:46.141 [info] > git cat-file -s 5e70f7d0357846824558962ad9d93a792d68be98 [2ms]
2025-02-08 09:33:46.154 [info] > git show --textconv :ui/js/script.js [3ms]
2025-02-08 09:36:56.701 [info] > git check-ignore -v -z --stdin [2ms]
