2025-02-10 14:40:07.653 [info] Reading sessions from keychain...
2025-02-10 14:40:07.653 [info] Getting sessions for all scopes...
2025-02-10 14:40:07.653 [info] Getting sessions for all scopes...
2025-02-10 14:40:07.653 [info] Getting sessions for all scopes...
2025-02-10 14:40:07.653 [info] Got stored sessions!
2025-02-10 14:40:07.653 [info] Got 1 verified sessions.
2025-02-10 14:40:07.653 [info] Got 1 sessions for ...
2025-02-10 14:40:07.653 [info] Got 1 sessions for ...
2025-02-10 14:40:07.653 [info] Got 1 sessions for ...
2025-02-10 14:40:07.653 [info] Getting sessions for read:user,repo,user:email,workflow...
2025-02-10 14:40:07.653 [info] Got 1 sessions for read:user,repo,user:email,workflow...
2025-02-10 14:40:07.953 [info] Getting sessions for all scopes...
2025-02-10 14:40:07.953 [info] Got 1 sessions for ...
2025-02-10 14:40:08.428 [info] Getting sessions for read:user,repo,user:email,workflow...
2025-02-10 14:40:08.428 [info] Got 1 sessions for read:user,repo,user:email,workflow...
2025-02-10 14:40:29.638 [info] Reading sessions from keychain...
2025-02-10 14:40:29.639 [info] Getting sessions for all scopes...
2025-02-10 14:40:29.640 [info] Getting sessions for all scopes...
2025-02-10 14:40:29.641 [info] Getting sessions for all scopes...
2025-02-10 14:40:29.646 [info] Got stored sessions!
2025-02-10 14:40:29.646 [info] Got 1 verified sessions.
2025-02-10 14:40:29.646 [info] Got 1 sessions for ...
2025-02-10 14:40:29.646 [info] Got 1 sessions for ...
2025-02-10 14:40:29.646 [info] Got 1 sessions for ...
2025-02-10 14:40:29.647 [info] Getting sessions for read:user,repo,user:email,workflow...
2025-02-10 14:40:29.647 [info] Got 1 sessions for read:user,repo,user:email,workflow...
2025-02-10 14:40:31.012 [info] Getting sessions for read:user,repo,user:email,workflow...
2025-02-10 14:40:31.012 [info] Got 1 sessions for read:user,repo,user:email,workflow...
2025-02-10 14:52:34.013 [info] Reading sessions from keychain...
2025-02-10 14:52:34.013 [info] Getting sessions for all scopes...
2025-02-10 14:52:34.013 [info] Getting sessions for all scopes...
2025-02-10 14:52:34.013 [info] Getting sessions for all scopes...
2025-02-10 14:52:34.013 [info] Got stored sessions!
2025-02-10 14:52:34.013 [info] Got 1 verified sessions.
2025-02-10 14:52:34.013 [info] Got 1 sessions for ...
2025-02-10 14:52:34.013 [info] Got 1 sessions for ...
2025-02-10 14:52:34.013 [info] Got 1 sessions for ...
2025-02-10 14:52:34.013 [info] Getting sessions for read:user,repo,user:email,workflow...
2025-02-10 14:52:34.013 [info] Got 1 sessions for read:user,repo,user:email,workflow...
2025-02-10 14:52:35.252 [info] Getting sessions for read:user,repo,user:email,workflow...
2025-02-10 14:52:35.252 [info] Got 1 sessions for read:user,repo,user:email,workflow...
