2025-02-10 15:35:00.050 [info] [main] Log level: Info
2025-02-10 15:35:00.050 [info] [main] Validating found git in: "git"
2025-02-10 15:35:00.050 [info] [main] Using git "2.43.0" from "git"
2025-02-10 15:35:00.050 [info] [Model][doInitialScan] Initial repository scan started
2025-02-10 15:35:00.050 [info] > git rev-parse --show-toplevel [3ms]
2025-02-10 15:35:00.050 [info] > git rev-parse --git-dir --git-common-dir [2ms]
2025-02-10 15:35:00.050 [info] [Model][openRepository] Opened repository: /home/imad-07
2025-02-10 15:35:00.050 [info] [Model][doInitialScan] Initial repository scan completed - repositories (1), closed repositories (0), parent repositories (0), unsafe repositories (0)
2025-02-10 15:35:00.057 [info] > git config --get commit.template [3ms]
2025-02-10 15:35:00.456 [info] > git for-each-ref --format=%(refname)%00%(upstream:short)%00%(objectname)%00%(upstream:track)%00%(upstream:remotename)%00%(upstream:remoteref) refs/heads/main refs/remotes/main [391ms]
2025-02-10 15:35:00.524 [info] > git for-each-ref --sort -committerdate --format %(refname) %(objectname) %(*objectname) [56ms]
2025-02-10 15:35:00.597 [info] > git status -z -uall [136ms] (cancelled)
2025-02-10 15:35:08.054 [info] > git for-each-ref --format=%(refname)%00%(upstream:short)%00%(objectname)%00%(upstream:track)%00%(upstream:remotename)%00%(upstream:remoteref) refs/heads/main refs/remotes/main [7ms]
2025-02-10 15:35:08.544 [info] > git config --local branch.main.vscode-merge-base [484ms]
2025-02-10 15:35:08.545 [warning] [Git][config] git config failed: Failed to execute git
2025-02-10 15:35:08.556 [info] > git config --get commit.template [502ms]
2025-02-10 15:35:08.563 [info] > git reflog main --grep-reflog=branch: Created from *. [8ms]
2025-02-10 15:35:08.583 [info] > git symbolic-ref --short refs/remotes/origin/HEAD [13ms]
2025-02-10 15:35:08.583 [info] fatal: ref refs/remotes/origin/HEAD is not a symbolic ref
2025-02-10 15:35:08.583 [warning] [Repository][getDefaultBranch] Failed to get default branch details: Failed to execute git.
2025-02-10 15:35:08.594 [info] > git for-each-ref --format=%(refname)%00%(upstream:short)%00%(objectname)%00%(upstream:track)%00%(upstream:remotename)%00%(upstream:remoteref) refs/heads/main refs/remotes/main [13ms]
2025-02-10 15:35:08.619 [info] > git for-each-ref --sort -committerdate --format %(refname) %(objectname) %(*objectname) [2ms]
2025-02-10 15:35:09.016 [info] > git status -z -uall [411ms] (cancelled)
